<?xml version="1.0" encoding="UTF-8"?>
<testsuite xmlns:xsi="http://www.w3.org/2001/XMLSchema-instance" xsi:noNamespaceSchemaLocation="https://maven.apache.org/surefire/maven-surefire-plugin/xsd/surefire-test-report.xsd" version="3.0.2" name="controlate_back.api.ApiApplicationTests" time="9.334" tests="1" errors="0" skipped="0" failures="0">
  <properties>
[...]
</properties>
  <testcase name="contextLoads" classname="controlate_back.api.ApiApplicationTests" time="0.539">
    <system-out><![CDATA[Standard Commons Logging discovery in action with spring-jcl: please remove commons-logging.jar from classpath in order to avoid potential conflicts
19:59:50.112 [main] INFO org.springframework.test.context.support.AnnotationConfigContextLoaderUtils -- Could not detect default configuration classes for test class [controlate_back.api.ApiApplicationTests]: ApiApplicationTests does not declare any static, non-private, non-final, nested classes annotated with @Configuration.
19:59:50.257 [main] INFO org.springframework.boot.test.context.SpringBootTestContextBootstrapper -- Found @SpringBootConfiguration controlate_back.api.ApiApplication for test class controlate_back.api.ApiApplicationTests
19:59:50.482 [main] INFO org.springframework.boot.devtools.restart.RestartApplicationListener -- Restart disabled due to context in which it is running

  .   ____          _            __ _ _
 /\\ / ___'_ __ _ _(_)_ __  __ _ \ \ \ \
( ( )\___ | '_ | '_| | '_ \/ _` | \ \ \ \
 \\/  ___)| |_)| | | | | || (_| |  ) ) ) )
  '  |____| .__|_| |_|_| |_\__, | / / / /
 =========|_|==============|___/=/_/_/_/

 :: Spring Boot ::                (v3.4.0)

2025-01-22T19:59:50.872+01:00  INFO 6804 --- [           main] c.api.ApiApplicationTests                : Starting ApiApplicationTests using Java 23.0.1 with PID 6804 (started by Oscar in C:\Users\Oscar\Desktop\TFG\controlate-back)
2025-01-22T19:59:50.874+01:00  INFO 6804 --- [           main] c.api.ApiApplicationTests                : No active profile set, falling back to 1 default profile: "default"
2025-01-22T19:59:51.988+01:00  INFO 6804 --- [           main] .s.d.r.c.RepositoryConfigurationDelegate : Bootstrapping Spring Data JPA repositories in DEFAULT mode.
2025-01-22T19:59:52.098+01:00  INFO 6804 --- [           main] .s.d.r.c.RepositoryConfigurationDelegate : Finished Spring Data repository scanning in 84 ms. Found 3 JPA repository interfaces.
2025-01-22T19:59:52.799+01:00  INFO 6804 --- [           main] o.hibernate.jpa.internal.util.LogHelper  : HHH000204: Processing PersistenceUnitInfo [name: default]
2025-01-22T19:59:52.900+01:00  INFO 6804 --- [           main] org.hibernate.Version                    : HHH000412: Hibernate ORM core version 6.6.2.Final
2025-01-22T19:59:52.944+01:00  INFO 6804 --- [           main] o.h.c.internal.RegionFactoryInitiator    : HHH000026: Second-level cache disabled
2025-01-22T19:59:53.379+01:00  INFO 6804 --- [           main] o.s.o.j.p.SpringPersistenceUnitInfo      : No LoadTimeWeaver setup: ignoring JPA class transformer
2025-01-22T19:59:53.429+01:00  INFO 6804 --- [           main] com.zaxxer.hikari.HikariDataSource       : HikariPool-1 - Starting...
2025-01-22T19:59:54.355+01:00  INFO 6804 --- [           main] com.zaxxer.hikari.pool.HikariPool        : HikariPool-1 - Added connection com.mysql.cj.jdbc.ConnectionImpl@5fe3b058
2025-01-22T19:59:54.357+01:00  INFO 6804 --- [           main] com.zaxxer.hikari.HikariDataSource       : HikariPool-1 - Start completed.
2025-01-22T19:59:54.517+01:00  WARN 6804 --- [           main] org.hibernate.orm.deprecation            : HHH90000025: MySQLDialect does not need to be specified explicitly using 'hibernate.dialect' (remove the property setting and it will be selected by default)
2025-01-22T19:59:54.542+01:00  INFO 6804 --- [           main] org.hibernate.orm.connections.pooling    : HHH10001005: Database info:
	Database JDBC URL [Connecting through datasource 'HikariDataSource (HikariPool-1)']
	Database driver: undefined/unknown
	Database version: 8.0.30
	Autocommit mode: undefined/unknown
	Isolation level: undefined/unknown
	Minimum pool size: undefined/unknown
	Maximum pool size: undefined/unknown
2025-01-22T19:59:55.513+01:00  INFO 6804 --- [           main] o.h.e.t.j.p.i.JtaPlatformInitiator       : HHH000489: No JTA platform available (set 'hibernate.transaction.jta.platform' to enable JTA platform integration)
Hibernate: alter table user_information modify column activity_factor enum ('ACTIVO','MODERADAMENTE_SEDENTARIO','MUY_ACTIVO','POCO_SEDENTARIO','SEDENTARIO') not null
Hibernate: alter table user_information modify column gender enum ('FEMALE','MALE') not null
Hibernate: alter table user_information modify column objective enum ('BAJAR_LIGERO','BAJAR_MODERADO','MANTENIMIENTO','SUBIR_LIGERO','SUBIR_MODERADO')
2025-01-22T19:59:56.499+01:00  INFO 6804 --- [           main] j.LocalContainerEntityManagerFactoryBean : Initialized JPA EntityManagerFactory for persistence unit 'default'
2025-01-22T19:59:56.880+01:00  INFO 6804 --- [           main] o.s.d.j.r.query.QueryEnhancerFactory     : Hibernate is in classpath; If applicable, HQL parser will be used.
2025-01-22T19:59:57.630+01:00  WARN 6804 --- [           main] JpaBaseConfiguration$JpaWebConfiguration : spring.jpa.open-in-view is enabled by default. Therefore, database queries may be performed during view rendering. Explicitly configure spring.jpa.open-in-view to disable this warning
2025-01-22T19:59:57.670+01:00  WARN 6804 --- [           main] .s.s.UserDetailsServiceAutoConfiguration : 

Using generated security password: 1345363e-e218-4e26-9a69-2087d790b4a7

This generated password is for development use only. Your security configuration must be updated before running your application in production.

2025-01-22T19:59:57.679+01:00  INFO 6804 --- [           main] r$InitializeUserDetailsManagerConfigurer : Global AuthenticationManager configured with UserDetailsService bean with name inMemoryUserDetailsManager
2025-01-22T19:59:58.626+01:00  INFO 6804 --- [           main] c.api.ApiApplicationTests                : Started ApiApplicationTests in 8.16 seconds (process running for 9.519)
]]></system-out>
    <system-err><![CDATA[Mockito is currently self-attaching to enable the inline-mock-maker. This will no longer work in future releases of the JDK. Please add Mockito as an agent to your build what is described in Mockito's documentation: https://javadoc.io/doc/org.mockito/mockito-core/latest/org/mockito/Mockito.html#0.3
WARNING: A Java agent has been loaded dynamically (C:\Users\Oscar\.m2\repository\net\bytebuddy\byte-buddy-agent\1.15.10\byte-buddy-agent-1.15.10.jar)
WARNING: If a serviceability tool is in use, please run with -XX:+EnableDynamicAgentLoading to hide this warning
WARNING: If a serviceability tool is not in use, please run with -Djdk.instrument.traceUsage for more information
WARNING: Dynamic loading of agents will be disallowed by default in a future release
]]></system-err>
  </testcase>
</testsuite>